remote: Invalid username or token. Password authentication is not supported for Git operations.
fatal: Authentication failed for 'https://github.com/sdfgh5343/Daily-News-Update.git/'
remote: Invalid username or token. Password authentication is not supported for Git operations.
fatal: Authentication failed for 'https://github.com/sdfgh5343/Daily-News-Update.git/'
To github.com:sdfgh5343/Daily-News-Update.git
   acd0f02..1f51a34  main -> main
To github.com:sdfgh5343/Daily-News-Update.git
   1f51a34..4f8353f  main -> main
To github.com:sdfgh5343/Daily-News-Update.git
   4f8353f..c4f9d83  main -> main
To github.com:sdfgh5343/Daily-News-Update.git
   c4f9d83..412dd77  main -> main
Warning: Permanently added the ECDSA host key for IP address '140.82.121.4' to the list of known hosts.
To github.com:sdfgh5343/Daily-News-Update.git
   412dd77..633de68  main -> main
To github.com:sdfgh5343/Daily-News-Update.git
   633de68..037626b  main -> main
To github.com:sdfgh5343/Daily-News-Update.git
   037626b..100ade8  main -> main
To github.com:sdfgh5343/Daily-News-Update.git
   100ade8..d74f0a4  main -> main
To github.com:sdfgh5343/Daily-News-Update.git
   d74f0a4..0f26bb6  main -> main
To github.com:sdfgh5343/Daily-News-Update.git
   0f26bb6..62cee2c  main -> main
